[2018-11-21T21:25:38.921] [INFO] responseLog - 
*************** response log start ***************
request method: GET
request originalUrl:  /
request client ip:  null
request query:  {}
response time: 0
response status: 304
response body: 
{}
*************** response log end ***************

[2018-11-21T21:26:19.751] [INFO] responseLog - 
*************** response log start ***************
request method: GET
request originalUrl:  /
request client ip:  192.168.253.5
request query:  {}
response time: 0
response status: 200
response body: 
{}
*************** response log end ***************

