[2018-11-21T21:13:04.673] [ERROR] errorLog - 
*************** error log start ***************
request method: GET
request originalUrl:  /
request client ip:  null
request query:  {}
response time: 0
err name: ReferenceError
err message: formatRes is not defined
err stack: ReferenceError: formatRes is not defined
    at Object.log.i (/Users/pengken/Desktop/毕设/TempBackEnd/log/index.js:9:16)
    at _callee$ (/Users/pengken/Desktop/毕设/TempBackEnd/app.js:72:16)
    at tryCatch (/Users/pengken/Desktop/毕设/TempBackEnd/node_modules/babel-polyfill/node_modules/regenerator-runtime/runtime.js:65:40)
    at Generator.invoke [as _invoke] (/Users/pengken/Desktop/毕设/TempBackEnd/node_modules/babel-polyfill/node_modules/regenerator-runtime/runtime.js:303:22)
    at Generator.prototype.(anonymous function) [as next] (/Users/pengken/Desktop/毕设/TempBackEnd/node_modules/babel-polyfill/node_modules/regenerator-runtime/runtime.js:117:21)
    at step (/Users/pengken/Desktop/毕设/TempBackEnd/app.js:3:191)
    at /Users/pengken/Desktop/毕设/TempBackEnd/app.js:3:361
*************** error log end ***************

[2018-11-21T21:13:04.832] [ERROR] errorLog - 
*************** error log start ***************
request method: GET
request originalUrl:  /favicon.ico
request client ip:  null
request query:  {}
response time: 0
err name: ReferenceError
err message: formatRes is not defined
err stack: ReferenceError: formatRes is not defined
    at Object.log.i (/Users/pengken/Desktop/毕设/TempBackEnd/log/index.js:9:16)
    at _callee$ (/Users/pengken/Desktop/毕设/TempBackEnd/app.js:72:16)
    at tryCatch (/Users/pengken/Desktop/毕设/TempBackEnd/node_modules/babel-polyfill/node_modules/regenerator-runtime/runtime.js:65:40)
    at Generator.invoke [as _invoke] (/Users/pengken/Desktop/毕设/TempBackEnd/node_modules/babel-polyfill/node_modules/regenerator-runtime/runtime.js:303:22)
    at Generator.prototype.(anonymous function) [as next] (/Users/pengken/Desktop/毕设/TempBackEnd/node_modules/babel-polyfill/node_modules/regenerator-runtime/runtime.js:117:21)
    at step (/Users/pengken/Desktop/毕设/TempBackEnd/app.js:3:191)
    at /Users/pengken/Desktop/毕设/TempBackEnd/app.js:3:361
*************** error log end ***************

[2018-11-21T21:13:22.104] [ERROR] errorLog - 
*************** error log start ***************
request method: GET
request originalUrl:  /
request client ip:  null
request query:  {}
response time: 0
err name: ReferenceError
err message: formatRes is not defined
err stack: ReferenceError: formatRes is not defined
    at Object.log.i (/Users/pengken/Desktop/毕设/TempBackEnd/log/index.js:9:16)
    at _callee$ (/Users/pengken/Desktop/毕设/TempBackEnd/app.js:71:16)
    at tryCatch (/Users/pengken/Desktop/毕设/TempBackEnd/node_modules/babel-polyfill/node_modules/regenerator-runtime/runtime.js:65:40)
    at Generator.invoke [as _invoke] (/Users/pengken/Desktop/毕设/TempBackEnd/node_modules/babel-polyfill/node_modules/regenerator-runtime/runtime.js:303:22)
    at Generator.prototype.(anonymous function) [as next] (/Users/pengken/Desktop/毕设/TempBackEnd/node_modules/babel-polyfill/node_modules/regenerator-runtime/runtime.js:117:21)
    at step (/Users/pengken/Desktop/毕设/TempBackEnd/app.js:3:191)
    at /Users/pengken/Desktop/毕设/TempBackEnd/app.js:3:361
*************** error log end ***************

[2018-11-21T21:13:54.159] [ERROR] errorLog - 
*************** error log start ***************
request method: GET
request originalUrl:  /
request client ip:  null
request query:  {}
response time: 0
err name: ReferenceError
err message: formatRes is not defined
err stack: ReferenceError: formatRes is not defined
    at Object.log.i (/Users/pengken/Desktop/毕设/TempBackEnd/log/index.js:9:16)
    at _callee$ (/Users/pengken/Desktop/毕设/TempBackEnd/app.js:72:16)
    at tryCatch (/Users/pengken/Desktop/毕设/TempBackEnd/node_modules/babel-polyfill/node_modules/regenerator-runtime/runtime.js:65:40)
    at Generator.invoke [as _invoke] (/Users/pengken/Desktop/毕设/TempBackEnd/node_modules/babel-polyfill/node_modules/regenerator-runtime/runtime.js:303:22)
    at Generator.prototype.(anonymous function) [as next] (/Users/pengken/Desktop/毕设/TempBackEnd/node_modules/babel-polyfill/node_modules/regenerator-runtime/runtime.js:117:21)
    at step (/Users/pengken/Desktop/毕设/TempBackEnd/app.js:3:191)
    at /Users/pengken/Desktop/毕设/TempBackEnd/app.js:3:361
*************** error log end ***************

[2018-11-21T21:13:54.963] [ERROR] errorLog - 
*************** error log start ***************
request method: GET
request originalUrl:  /
request client ip:  null
request query:  {}
response time: 0
err name: ReferenceError
err message: formatRes is not defined
err stack: ReferenceError: formatRes is not defined
    at Object.log.i (/Users/pengken/Desktop/毕设/TempBackEnd/log/index.js:9:16)
    at _callee$ (/Users/pengken/Desktop/毕设/TempBackEnd/app.js:72:16)
    at tryCatch (/Users/pengken/Desktop/毕设/TempBackEnd/node_modules/babel-polyfill/node_modules/regenerator-runtime/runtime.js:65:40)
    at Generator.invoke [as _invoke] (/Users/pengken/Desktop/毕设/TempBackEnd/node_modules/babel-polyfill/node_modules/regenerator-runtime/runtime.js:303:22)
    at Generator.prototype.(anonymous function) [as next] (/Users/pengken/Desktop/毕设/TempBackEnd/node_modules/babel-polyfill/node_modules/regenerator-runtime/runtime.js:117:21)
    at step (/Users/pengken/Desktop/毕设/TempBackEnd/app.js:3:191)
    at /Users/pengken/Desktop/毕设/TempBackEnd/app.js:3:361
*************** error log end ***************

[2018-11-21T21:13:55.356] [ERROR] errorLog - 
*************** error log start ***************
request method: GET
request originalUrl:  /
request client ip:  null
request query:  {}
response time: 0
err name: ReferenceError
err message: formatRes is not defined
err stack: ReferenceError: formatRes is not defined
    at Object.log.i (/Users/pengken/Desktop/毕设/TempBackEnd/log/index.js:9:16)
    at _callee$ (/Users/pengken/Desktop/毕设/TempBackEnd/app.js:72:16)
    at tryCatch (/Users/pengken/Desktop/毕设/TempBackEnd/node_modules/babel-polyfill/node_modules/regenerator-runtime/runtime.js:65:40)
    at Generator.invoke [as _invoke] (/Users/pengken/Desktop/毕设/TempBackEnd/node_modules/babel-polyfill/node_modules/regenerator-runtime/runtime.js:303:22)
    at Generator.prototype.(anonymous function) [as next] (/Users/pengken/Desktop/毕设/TempBackEnd/node_modules/babel-polyfill/node_modules/regenerator-runtime/runtime.js:117:21)
    at step (/Users/pengken/Desktop/毕设/TempBackEnd/app.js:3:191)
    at /Users/pengken/Desktop/毕设/TempBackEnd/app.js:3:361
*************** error log end ***************

[2018-11-21T21:14:03.314] [ERROR] errorLog - 
*************** error log start ***************
request method: GET
request originalUrl:  /
request client ip:  null
request query:  {}
response time: 0
err name: ReferenceError
err message: formatRes is not defined
err stack: ReferenceError: formatRes is not defined
    at Object.log.i (/Users/pengken/Desktop/毕设/TempBackEnd/log/index.js:9:16)
    at _callee$ (/Users/pengken/Desktop/毕设/TempBackEnd/app.js:72:16)
    at tryCatch (/Users/pengken/Desktop/毕设/TempBackEnd/node_modules/babel-polyfill/node_modules/regenerator-runtime/runtime.js:65:40)
    at Generator.invoke [as _invoke] (/Users/pengken/Desktop/毕设/TempBackEnd/node_modules/babel-polyfill/node_modules/regenerator-runtime/runtime.js:303:22)
    at Generator.prototype.(anonymous function) [as next] (/Users/pengken/Desktop/毕设/TempBackEnd/node_modules/babel-polyfill/node_modules/regenerator-runtime/runtime.js:117:21)
    at step (/Users/pengken/Desktop/毕设/TempBackEnd/app.js:3:191)
    at /Users/pengken/Desktop/毕设/TempBackEnd/app.js:3:361
*************** error log end ***************

[2018-11-21T21:18:44.164] [ERROR] errorLog - 
*************** error log start ***************
request method: GET
request originalUrl:  /
request client ip:  192.168.253.5
request query:  {}
response time: 0
err name: ReferenceError
err message: formatRes is not defined
err stack: ReferenceError: formatRes is not defined
    at Object.log.i (/Users/pengken/Desktop/毕设/TempBackEnd/log/index.js:9:16)
    at _callee$ (/Users/pengken/Desktop/毕设/TempBackEnd/app.js:72:16)
    at tryCatch (/Users/pengken/Desktop/毕设/TempBackEnd/node_modules/babel-polyfill/node_modules/regenerator-runtime/runtime.js:65:40)
    at Generator.invoke [as _invoke] (/Users/pengken/Desktop/毕设/TempBackEnd/node_modules/babel-polyfill/node_modules/regenerator-runtime/runtime.js:303:22)
    at Generator.prototype.(anonymous function) [as next] (/Users/pengken/Desktop/毕设/TempBackEnd/node_modules/babel-polyfill/node_modules/regenerator-runtime/runtime.js:117:21)
    at step (/Users/pengken/Desktop/毕设/TempBackEnd/app.js:3:191)
    at /Users/pengken/Desktop/毕设/TempBackEnd/app.js:3:361
*************** error log end ***************

[2018-11-21T21:22:38.916] [ERROR] errorLog - 
*************** error log start ***************
request method: GET
request originalUrl:  /
request client ip:  null
request query:  {}
response time: 0
err name: ReferenceError
err message: formatRes is not defined
err stack: ReferenceError: formatRes is not defined
    at Object.log.i (/Users/pengken/Desktop/毕设/TempBackEnd/log/index.js:9:16)
    at app.all (/Users/pengken/Desktop/毕设/TempBackEnd/app.js:72:16)
*************** error log end ***************

[2018-11-21T21:23:49.285] [ERROR] errorLog - 
*************** error log start ***************
request method: GET
request originalUrl:  /
request client ip:  null
request query:  {}
response time: 0
err name: ReferenceError
err message: formatRes is not defined
err stack: ReferenceError: formatRes is not defined
    at Object.log.i (/Users/pengken/Desktop/毕设/TempBackEnd/log/index.js:9:16)
    at app.all (/Users/pengken/Desktop/毕设/TempBackEnd/app.js:72:16)
    at process._tickCallback (internal/process/next_tick.js:68:7)
*************** error log end ***************

